<?xml version="1.0" encoding="UTF-8"?>
<!-- Generated by org.testng.reporters.JUnitReportReporter -->
<testsuite hostname="PC" failures="0" tests="1" name="com.inetbanking.testCases.TCC_AddCustomer_003" time="18.542" errors="0" timestamp="19 Sep 2023 09:34:23 GMT" skipped="0">
  <testcase classname="com.inetbanking.testCases.TCC_AddCustomer_003" name="addNewCustomer" time="18.542"/>
</testsuite> <!-- com.inetbanking.testCases.TCC_AddCustomer_003 -->
