<?xml version="1.0" encoding="UTF-8"?>
<!-- Generated by org.testng.reporters.JUnitReportReporter -->
<testsuite hostname="PC" failures="0" tests="1" name="com.inetbanking.testCases.TC_login_001" time="3.711" errors="0" timestamp="19 Sep 2023 09:34:23 GMT" skipped="0">
  <testcase classname="com.inetbanking.testCases.TC_login_001" name="logintest" time="3.711"/>
</testsuite> <!-- com.inetbanking.testCases.TC_login_001 -->
