<?xml version="1.0" encoding="UTF-8"?>
<!-- Generated by org.testng.reporters.JUnitReportReporter -->
<testsuite hostname="PC" failures="0" tests="2" name="com.inetbanking.testCases.TC_LoginDDT_002" time="15.258" errors="0" timestamp="19 Sep 2023 09:34:23 GMT" skipped="0">
  <testcase classname="com.inetbanking.testCases.TC_LoginDDT_002" name="loginDDT" time="7.886"/>
  <testcase classname="com.inetbanking.testCases.TC_LoginDDT_002" name="loginDDT" time="7.372"/>
</testsuite> <!-- com.inetbanking.testCases.TC_LoginDDT_002 -->
