<?xml version="1.0" encoding="UTF-8"?>
<!-- Generated by org.testng.reporters.JUnitReportReporter -->
<testsuite hostname="PC" failures="0" tests="1" name="com.inetbanking.testCases.TCC_AddCustomer_003" time="19.707" errors="0" timestamp="21 Sep 2023 08:37:58 GMT" skipped="0">
  <testcase classname="com.inetbanking.testCases.TCC_AddCustomer_003" name="addNewCustomer" time="19.707"/>
</testsuite> <!-- com.inetbanking.testCases.TCC_AddCustomer_003 -->
