<?xml version="1.0" encoding="UTF-8"?>
<!-- Generated by org.testng.reporters.JUnitReportReporter -->
<testsuite hostname="PC" failures="0" tests="2" name="com.inetbanking.testCases.TC_LoginDDT_002" time="12.463" errors="0" timestamp="21 Sep 2023 08:37:58 GMT" skipped="0">
  <testcase classname="com.inetbanking.testCases.TC_LoginDDT_002" name="loginDDT" time="6.185"/>
  <testcase classname="com.inetbanking.testCases.TC_LoginDDT_002" name="loginDDT" time="6.278"/>
</testsuite> <!-- com.inetbanking.testCases.TC_LoginDDT_002 -->
